#
# There is insufficient memory for the Java Runtime Environment to continue.
# Native memory allocation (mmap) failed to map 469762048 bytes for G1 virtual space
# Possible reasons:
#   The system is out of physical RAM or swap space
#   The process is running with CompressedOops enabled, and the Java Heap may be blocking the growth of the native heap
# Possible solutions:
#   Reduce memory load on the system
#   Increase physical memory or swap space
#   Check if swap backing store is full
#   Decrease Java heap size (-Xmx/-Xms)
#   Decrease number of Java threads
#   Decrease Java thread stack sizes (-Xss)
#   Set larger code cache with -XX:ReservedCodeCacheSize=
#   JVM is running with Zero Based Compressed Oops mode in which the Java heap is
#     placed in the first 32GB address space. The Java Heap base address is the
#     maximum limit for the native heap growth. Please use -XX:HeapBaseMinAddress
#     to set the Java Heap base and to place the Java Heap above 32GB virtual address.
# This output file may be truncated or incomplete.
#
#  Out of Memory Error (os_windows.cpp:3825), pid=39012, tid=35616
#
# JRE version:  (17.0.10) (build )
# Java VM: OpenJDK 64-Bit Server VM (17.0.10+0--11609105, mixed mode, sharing, tiered, compressed oops, compressed class ptrs, g1 gc, windows-amd64)
# No core dump will be written. Minidumps are not enabled by default on client versions of Windows
#

---------------  S U M M A R Y ------------

Command Line: org.jetbrains.kotlin.cli.jvm.K2JVMCompiler @D:\KULIAH\SKRIPSI\Capstone\app\build\20241213_15444413653478329709.compiler.options

Host: AMD Ryzen 5 5600G with Radeon Graphics         , 12 cores, 27G,  Windows 10 , 64 bit Build 19041 (10.0.19041.5198)
Time: Fri Dec 13 22:27:55 2024 SE Asia Standard Time elapsed time: 0.008485 seconds (0d 0h 0m 0s)

---------------  T H R E A D  ---------------

Current thread (0x000001e110ae1700):  JavaThread "Unknown thread" [_thread_in_vm, id=35616, stack(0x0000009cfa700000,0x0000009cfa800000)]

Stack: [0x0000009cfa700000,0x0000009cfa800000]
Native frames: (J=compiled Java code, j=interpreted, Vv=VM code, C=native code)
V  [jvm.dll+0x688de9]
V  [jvm.dll+0x8423da]
V  [jvm.dll+0x84401e]
V  [jvm.dll+0x844683]
V  [jvm.dll+0x24be0f]
V  [jvm.dll+0x685bb9]
V  [jvm.dll+0x67a46a]
V  [jvm.dll+0x30cbab]
V  [jvm.dll+0x314056]
V  [jvm.dll+0x363dce]
V  [jvm.dll+0x363fff]
V  [jvm.dll+0x2e2978]
V  [jvm.dll+0x2e38e4]
V  [jvm.dll+0x812f71]
V  [jvm.dll+0x371c81]
V  [jvm.dll+0x7f1ac6]
V  [jvm.dll+0x3f58df]
V  [jvm.dll+0x3f7511]
C  [jli.dll+0x528f]
C  [ucrtbase.dll+0x21bb2]
C  [KERNEL32.DLL+0x17374]
C  [ntdll.dll+0x4cc91]


---------------  P R O C E S S  ---------------

Threads class SMR info:
_java_thread_list=0x00007ffcc765ef58, length=0, elements={
}

Java Threads: ( => current thread )

Other Threads:
  0x000001e110b7b340 GCTaskThread "GC Thread#0" [stack: 0x0000009cfa800000,0x0000009cfa900000] [id=37592]
  0x000001e110b8b0f0 ConcurrentGCThread "G1 Main Marker" [stack: 0x0000009cfa900000,0x0000009cfaa00000] [id=37848]
  0x000001e110b8e1e0 ConcurrentGCThread "G1 Conc#0" [stack: 0x0000009cfaa00000,0x0000009cfab00000] [id=32096]

[error occurred during error reporting (printing all threads), id 0xc0000005, EXCEPTION_ACCESS_VIOLATION (0xc0000005) at pc=0x00007ffcc6e13547]

VM state: not at safepoint (not fully initialized)

VM Mutex/Monitor currently owned by a thread:  ([mutex/lock_event])
[0x000001e110adbe00] Heap_lock - owner thread: 0x000001e110ae1700

Heap address: 0x0000000641800000, size: 7144 MB, Compressed Oops mode: Zero based, Oop shift amount: 3

CDS archive(s) mapped at: [0x0000000000000000-0x0000000000000000-0x0000000000000000), size 0, SharedBaseAddress: 0x0000000800000000, ArchiveRelocationMode: 1.
Narrow klass base: 0x0000000000000000, Narrow klass shift: 0, Narrow klass range: 0x0

GC Precious Log:
<Empty>

Heap:
 garbage-first heap   total 0K, used 0K [0x0000000641800000, 0x0000000800000000)
  region size 4096K, 0 young (0K), 0 survivors (0K)
 Metaspace       used 0K, committed 0K, reserved 0K
  class space    used 0K, committed 0K, reserved 0K

Heap Regions: E=young(eden), S=young(survivor), O=old, HS=humongous(starts), HC=humongous(continues), CS=collection set, F=free, OA=open archive, CA=closed archive, TAMS=top-at-mark-start (previous, next)

Card table byte_map: [0x000001e126240000,0x000001e127040000] _byte_map_base: 0x000001e123034000

Marking Bits (Prev, Next): (CMBitMap*) 0x000001e110b7b870, (CMBitMap*) 0x000001e110b7b8b0
 Prev Bits: [0x000001e127e40000, 0x000001e12ede0000)
 Next Bits: [0x000001e12ede0000, 0x000001e135d80000)

GC Heap History (0 events):
No events

Dll operation events (1 events):
Event: 0.004 Loaded shared library C:\Program Files\Android\Android Studio1\jbr\bin\java.dll

Deoptimization events (0 events):
No events

Classes unloaded (0 events):
No events

Classes redefined (0 events):
No events

Internal exceptions (0 events):
No events

VM Operations (0 events):
No events

Events (0 events):
No events


Dynamic libraries:
0x00007ff7bb610000 - 0x00007ff7bb61a000 	C:\Program Files\Android\Android Studio1\jbr\bin\java.exe
0x00007ffd17e50000 - 0x00007ffd18048000 	C:\Windows\SYSTEM32\ntdll.dll
0x00007ffd16850000 - 0x00007ffd16912000 	C:\Windows\System32\KERNEL32.DLL
0x00007ffd15610000 - 0x00007ffd1590e000 	C:\Windows\System32\KERNELBASE.dll
0x00007ffd15be0000 - 0x00007ffd15ce0000 	C:\Windows\System32\ucrtbase.dll
0x00007ffceb220000 - 0x00007ffceb23b000 	C:\Program Files\Android\Android Studio1\jbr\bin\VCRUNTIME140.dll
0x00007ffcf4240000 - 0x00007ffcf4257000 	C:\Program Files\Android\Android Studio1\jbr\bin\jli.dll
0x00007ffd17160000 - 0x00007ffd172fd000 	C:\Windows\System32\USER32.dll
0x00007ffcffb80000 - 0x00007ffcffe1a000 	C:\Windows\WinSxS\amd64_microsoft.windows.common-controls_6595b64144ccf1df_6.0.19041.4355_none_60b8b9eb71f62e16\COMCTL32.dll
0x00007ffd159a0000 - 0x00007ffd159c2000 	C:\Windows\System32\win32u.dll
0x00007ffd17510000 - 0x00007ffd175ae000 	C:\Windows\System32\msvcrt.dll
0x00007ffd17000000 - 0x00007ffd1702b000 	C:\Windows\System32\GDI32.dll
0x00007ffd154f0000 - 0x00007ffd15607000 	C:\Windows\System32\gdi32full.dll
0x00007ffd15dd0000 - 0x00007ffd15e6d000 	C:\Windows\System32\msvcp_win.dll
0x00007ffd17460000 - 0x00007ffd1748f000 	C:\Windows\System32\IMM32.DLL
0x00007ffcfcb70000 - 0x00007ffcfcb7c000 	C:\Program Files\Android\Android Studio1\jbr\bin\vcruntime140_1.dll
0x00007ffcbc270000 - 0x00007ffcbc2fd000 	C:\Program Files\Android\Android Studio1\jbr\bin\msvcp140.dll
0x00007ffcc6b20000 - 0x00007ffcc77a3000 	C:\Program Files\Android\Android Studio1\jbr\bin\server\jvm.dll
0x00007ffd17cf0000 - 0x00007ffd17da1000 	C:\Windows\System32\ADVAPI32.dll
0x00007ffd17730000 - 0x00007ffd177cf000 	C:\Windows\System32\sechost.dll
0x00007ffd17030000 - 0x00007ffd17153000 	C:\Windows\System32\RPCRT4.dll
0x00007ffd15da0000 - 0x00007ffd15dc7000 	C:\Windows\System32\bcrypt.dll
0x00007ffcff100000 - 0x00007ffcff109000 	C:\Windows\SYSTEM32\WSOCK32.dll
0x00007ffd14e80000 - 0x00007ffd14ecb000 	C:\Windows\SYSTEM32\POWRPROF.dll
0x00007ffd0a9a0000 - 0x00007ffd0a9c7000 	C:\Windows\SYSTEM32\WINMM.dll
0x00007ffd173e0000 - 0x00007ffd1744b000 	C:\Windows\System32\WS2_32.dll
0x00007ffd0c630000 - 0x00007ffd0c63a000 	C:\Windows\SYSTEM32\VERSION.dll
0x00007ffd14e60000 - 0x00007ffd14e72000 	C:\Windows\SYSTEM32\UMPDC.dll
0x00007ffd13390000 - 0x00007ffd133a2000 	C:\Windows\SYSTEM32\kernel.appcore.dll
0x00007ffd12b70000 - 0x00007ffd12b7a000 	C:\Program Files\Android\Android Studio1\jbr\bin\jimage.dll
0x00007ffd0ec20000 - 0x00007ffd0ee04000 	C:\Windows\SYSTEM32\DBGHELP.DLL
0x00007ffd04090000 - 0x00007ffd040c4000 	C:\Windows\SYSTEM32\dbgcore.DLL
0x00007ffd15910000 - 0x00007ffd15992000 	C:\Windows\System32\bcryptPrimitives.dll
0x00007ffcfa710000 - 0x00007ffcfa735000 	C:\Program Files\Android\Android Studio1\jbr\bin\java.dll

dbghelp: loaded successfully - version: 4.0.5 - missing functions: none
symbol engine: initialized successfully - sym options: 0x614 - pdb path: .;C:\Program Files\Android\Android Studio1\jbr\bin;C:\Windows\SYSTEM32;C:\Windows\WinSxS\amd64_microsoft.windows.common-controls_6595b64144ccf1df_6.0.19041.4355_none_60b8b9eb71f62e16;C:\Program Files\Android\Android Studio1\jbr\bin\server

VM Arguments:
java_command: org.jetbrains.kotlin.cli.jvm.K2JVMCompiler @D:\KULIAH\SKRIPSI\Capstone\app\build\20241213_15444413653478329709.compiler.options
java_class_path (initial): D:\Android Studio\caches\modules-2\files-2.1\org.jetbrains.kotlin\kotlin-compiler-embeddable\2.0.0\1de310de3446414381282ffc46c3ed3919a4d1da\kotlin-compiler-embeddable-2.0.0.jar;D:\Android Studio\caches\modules-2\files-2.1\org.jetbrains.kotlin\kotlin-stdlib\2.0.0\b48df2c4aede9586cc931ead433bc02d6fd7879e\kotlin-stdlib-2.0.0.jar;D:\Android Studio\caches\modules-2\files-2.1\org.jetbrains.kotlin\kotlin-script-runtime\2.0.0\fdc27dd047d592fa41d2dfa21e7621287a361612\kotlin-script-runtime-2.0.0.jar;D:\Android Studio\caches\modules-2\files-2.1\org.jetbrains.kotlin\kotlin-reflect\1.6.10\1cbe9c92c12a94eea200d23c2bbaedaf3daf5132\kotlin-reflect-1.6.10.jar;D:\Android Studio\caches\modules-2\files-2.1\org.jetbrains.kotlin\kotlin-daemon-embeddable\2.0.0\b39c612768614c4428c96ee9c65477181fffe9d\kotlin-daemon-embeddable-2.0.0.jar;D:\Android Studio\caches\modules-2\files-2.1\org.jetbrains.intellij.deps\trove4j\1.0.20200330\3afb14d5f9ceb459d724e907a21145e8ff394f02\trove4j-1.0.20200330.jar;D:\Android Studio\caches\modules-2\files-2.1\org.jetbrains\annotations\13.0\919f0dfe192fb4e063e7dacadee7f8bb9a2672a9\annotations-13.0.jar
Launcher Type: SUN_STANDARD

[Global flags]
     intx CICompilerCount                          = 4                                         {product} {ergonomic}
     uint ConcGCThreads                            = 3                                         {product} {ergonomic}
     uint G1ConcRefinementThreads                  = 10                                        {product} {ergonomic}
   size_t G1HeapRegionSize                         = 4194304                                   {product} {ergonomic}
    uintx GCDrainStackTargetSize                   = 64                                        {product} {ergonomic}
   size_t InitialHeapSize                          = 469762048                                 {product} {ergonomic}
   size_t MarkStackSize                            = 4194304                                   {product} {ergonomic}
   size_t MaxHeapSize                              = 7491026944                                {product} {ergonomic}
   size_t MinHeapDeltaBytes                        = 4194304                                   {product} {ergonomic}
   size_t MinHeapSize                              = 8388608                                   {product} {ergonomic}
    uintx NonNMethodCodeHeapSize                   = 5839372                                {pd product} {ergonomic}
    uintx NonProfiledCodeHeapSize                  = 122909434                              {pd product} {ergonomic}
    uintx ProfiledCodeHeapSize                     = 122909434                              {pd product} {ergonomic}
    uintx ReservedCodeCacheSize                    = 251658240                              {pd product} {ergonomic}
     bool SegmentedCodeCache                       = true                                      {product} {ergonomic}
   size_t SoftMaxHeapSize                          = 7491026944                             {manageable} {ergonomic}
     bool UseCompressedClassPointers               = true                           {product lp64_product} {ergonomic}
     bool UseCompressedOops                        = true                           {product lp64_product} {ergonomic}
     bool UseG1GC                                  = true                                      {product} {ergonomic}
     bool UseLargePagesIndividualAllocation        = false                                  {pd product} {ergonomic}

Logging:
Log output configuration:
 #0: stdout all=warning uptime,level,tags
 #1: stderr all=off uptime,level,tags

Environment Variables:
JAVA_HOME=C:\Program Files\Zulu\zulu-20
PATH=C:\Program Files\Common Files\Oracle\Java\javapath;C:\Program Files\Zulu\zulu-20\bin\;C:\Program Files\Zulu\zulu-8\bin\;c:\Users\REYHAN AFIF FAHRI\AppData\Local\Programs\cursor\resources\app\bin;C:\Python311\Scripts\;C:\Python311\;C:\Program Files (x86)\Common Files\Oracle\Java\javapath;C:\Program Files (x86)\Common Files\Intel\Shared Libraries\redist\intel64\compiler;C:\Program Files\Eclipse Adoptium\jdk-8.0.345.1-hotspot\bin;C:\Windows\system32;C:\Windows;C:\Windows\System32\Wbem;C:\Windows\System32\WindowsPowerShell\v1.0\;C:\Windows\System32\OpenSSH\;C:\Program Files (x86)\Microsoft SQL Server\100\Tools\Binn\;C:\Program Files\Microsoft SQL Server\100\Tools\Binn\;C:\Program Files\Microsoft SQL Server\100\DTS\Binn\;C:\xampp\php;C:\ProgramData\ComposerSetup\bin;C:\Program Files\nodejs\;C:\ProgramData\chocolatey\bin;C:\gradle-8.3\bin;C:\Program Files\GitHub CLI\;C:\Program Files\Git\cmd;C:\Program Files\Git LFS;C:\Program Files\dotnet\;C:\Users\REYHAN AFIF FAHRI\AppData\Local\Programs\Python\Python311;C:\Users\REYHAN AFIF FAHRI\AppData\Local\Programs\Python\Python311\Scripts\;C:\Users\REYHAN AFIF FAHRI\AppData\Local\Programs\Python\Python311\;C:\Users\REYHAN AFIF FAHRI\AppData\Local\Microsoft\WindowsApps;C:\Program Files\JetBrains\PyCharm 2022.3.2\bin;;C:\Users\REYHAN AFIF FAHRI\AppData\Local\Programs\Microsoft VS Code\bin;C:\Users\REYHAN AFIF FAHRI\RealTimeObjectDetection\Tensorflow\protoc\bin;C:\Users\REYHAN AFIF FAHRI\AppData\Roaming\Composer\vendor\bin;C:\Program Files\JetBrains\IntelliJ IDEA Community Edition 2023.3.4\bin;;C:\Users\REYHAN AFIF FAHRI\AppData\Roaming\npm;C:\Users\REYHAN AFIF FAHRI\.dotnet\tools;C:\Users\REYHAN AFIF FAHRI\AppData\Local\Programs\Python\Python311;
USERNAME=REYHAN AFIF FAHRI
OS=Windows_NT
PROCESSOR_IDENTIFIER=AMD64 Family 25 Model 80 Stepping 0, AuthenticAMD
TMP=C:\Users\REYHAN~1\AppData\Local\Temp
TEMP=C:\Users\REYHAN~1\AppData\Local\Temp



Periodic native trim disabled

JNI global refs:
JNI global refs: 0, weak refs: 0

JNI global refs memory usage: 0, weak refs: 0

OOME stack traces (most recent first):
Classloader memory used:


---------------  S Y S T E M  ---------------

OS:
 Windows 10 , 64 bit Build 19041 (10.0.19041.5198)
OS uptime: 0 days 8:20 hours

CPU: total 12 (initial active 12) (12 cores per cpu, 2 threads per core) family 25 model 80 stepping 0 microcode 0x0, cx8, cmov, fxsr, ht, mmx, 3dnowpref, sse, sse2, sse3, ssse3, sse4a, sse4.1, sse4.2, popcnt, lzcnt, tsc, tscinvbit, avx, avx2, aes, erms, clmul, bmi1, bmi2, adx, sha, fma, vzeroupper, clflush, clflushopt
Processor Information for all 12 processors :
  Max Mhz: 3901, Current Mhz: 3901, Mhz Limit: 3901

Memory: 4k page, system-wide physical 28564M (9615M free)
TotalPageFile size 31564M (AvailPageFile size 96M)
current process WorkingSet (physical memory assigned to process): 11M, peak: 11M
current process commit charge ("private bytes"): 64M, peak: 512M

vm_info: OpenJDK 64-Bit Server VM (17.0.10+0--11609105) for windows-amd64 JRE (17.0.10+0--11609105), built on Mar 21 2024 19:10:56 by "androidbuild" with MS VC++ 16.10 / 16.11 (VS2019)

END.
